<?xml version="1.0" encoding="UTF-8"?>
<!-- Generated by org.testng.reporters.JUnitXMLReporter -->
<testsuite ignored="0" hostname="DESKTOP-7GQAVNG" failures="0" tests="3" name="Testing" time="41.272" errors="0" timestamp="2022-11-26T13:42:12 IST">
  <testcase classname="NithinThomas.ErrorValidation" name="LoginErrorValidation" time="2.208"/>
  <testcase classname="NithinThomas.ErrorValidation" name="ProductCartValidation" time="4.627"/>
  <testcase classname="NithinThomas.test" name="SubmitOrder" time="5.858"/>
</testsuite> <!-- Testing -->
