<?xml version="1.0" encoding="UTF-8"?>
<testng-results ignored="0" total="2" passed="2" failed="0" skipped="0">
  <reporter-output>
  </reporter-output>
  <suite started-at="2022-12-07T19:41:04 IST" name="nithin thomas" finished-at="2022-12-07T19:41:48 IST" duration-ms="43665">
    <groups>
    </groups>
    <test started-at="2022-12-07T19:41:04 IST" name="Testing2" finished-at="2022-12-07T19:41:48 IST" duration-ms="43665">
      <class name="NithinThomas.ErrorValidation">
        <test-method is-config="true" signature="LaunchApplication()[pri:0, instance:NithinThomas.ErrorValidation@6d60fe40]" started-at="2022-12-07T19:41:05 IST" name="LaunchApplication" finished-at="2022-12-07T19:41:37 IST" duration-ms="32745" status="PASS">
          <reporter-output>
          </reporter-output>
        </test-method> <!-- LaunchApplication -->
        <test-method signature="ProductCartValidation()[pri:0, instance:NithinThomas.ErrorValidation@6d60fe40]" started-at="2022-12-07T19:41:37 IST" name="ProductCartValidation" finished-at="2022-12-07T19:41:41 IST" duration-ms="4156" status="PASS">
          <reporter-output>
          </reporter-output>
        </test-method> <!-- ProductCartValidation -->
        <test-method is-config="true" signature="TearDown()[pri:0, instance:NithinThomas.ErrorValidation@6d60fe40]" started-at="2022-12-07T19:41:41 IST" name="TearDown" finished-at="2022-12-07T19:41:42 IST" duration-ms="97" status="PASS">
          <reporter-output>
          </reporter-output>
        </test-method> <!-- TearDown -->
        <test-method is-config="true" signature="LaunchApplication()[pri:0, instance:NithinThomas.ErrorValidation@6d60fe40]" started-at="2022-12-07T19:41:42 IST" name="LaunchApplication" finished-at="2022-12-07T19:41:47 IST" duration-ms="5541" status="PASS">
          <reporter-output>
          </reporter-output>
        </test-method> <!-- LaunchApplication -->
        <test-method signature="LoginErrorValidation()[pri:0, instance:NithinThomas.ErrorValidation@6d60fe40]" started-at="2022-12-07T19:41:47 IST" name="LoginErrorValidation" finished-at="2022-12-07T19:41:48 IST" depends-on-methods="NithinThomas.ErrorValidation.ProductCartValidation" duration-ms="912" status="PASS">
          <reporter-output>
          </reporter-output>
        </test-method> <!-- LoginErrorValidation -->
        <test-method is-config="true" signature="TearDown()[pri:0, instance:NithinThomas.ErrorValidation@6d60fe40]" started-at="2022-12-07T19:41:48 IST" name="TearDown" finished-at="2022-12-07T19:41:48 IST" duration-ms="84" status="PASS">
          <reporter-output>
          </reporter-output>
        </test-method> <!-- TearDown -->
      </class> <!-- NithinThomas.ErrorValidation -->
    </test> <!-- Testing2 -->
  </suite> <!-- nithin thomas -->
</testng-results>
